Arguments: 
  /home/blubirch/.nvm/versions/node/v14.21.2/bin/node /usr/share/yarn/bin/yarn.js build:css

PATH: 
  /home/blubirch/.rvm/gems/ruby-3.0.0/bin:/home/blubirch/.rvm/gems/ruby-3.0.0@global/bin:/home/blubirch/.rvm/rubies/ruby-3.0.0/bin:/home/blubirch/.rvm/bin:/home/blubirch/.nvm/versions/node/v14.21.2/bin:/usr/local/sbin:/usr/local/bin:/usr/sbin:/usr/bin:/sbin:/bin:/usr/games:/usr/local/games:/snap/bin

Yarn version: 
  1.22.19

Node version: 
  14.21.2

Platform: 
  linux x64

Trace: 
  SyntaxError: /home/blubirch/rails_projects/eventhouse/package.json: Unexpected string in JSON at position 41
      at JSON.parse (<anonymous>)
      at /usr/share/yarn/lib/cli.js:1629:59
      at Generator.next (<anonymous>)
      at step (/usr/share/yarn/lib/cli.js:310:30)
      at /usr/share/yarn/lib/cli.js:321:13

npm manifest: 
  {
    "name": "app",
    "private": "true"
    "scripts": { "build:css": "sass ./app/assets/stylesheets/application.bootstrap.scss:./app/assets/builds/application.css --no-source-map --load-path=node_modules" } to your package.json
  
  }

yarn manifest: 
  No manifest

Lockfile: 
  No lockfile
